<?xml version="1.0" encoding="UTF-8"?>
<coverage generated="1554869351249" clover="3.2.0">
  <project timestamp="1554869351250" name="All files">
    <metrics statements="32" coveredstatements="2" conditionals="1" coveredconditionals="0" methods="23" coveredmethods="2" elements="56" coveredelements="4" complexity="0" loc="32" ncloc="32" packages="1" files="1" classes="1"/>
    <file name="User.js" path="C:\Users\tsteiner4\Desktop\School\CS506\AdaptiveAlarm\src\custom_modules\User.js">
      <metrics statements="32" coveredstatements="2" conditionals="1" coveredconditionals="0" methods="23" coveredmethods="2"/>
      <line num="19" count="0" type="stmt"/>
      <line num="20" count="0" type="stmt"/>
      <line num="22" count="0" type="stmt"/>
      <line num="23" count="0" type="stmt"/>
      <line num="24" count="0" type="stmt"/>
      <line num="31" count="0" type="stmt"/>
      <line num="38" count="0" type="stmt"/>
      <line num="47" count="0" type="stmt"/>
      <line num="48" count="0" type="stmt"/>
      <line num="49" count="0" type="stmt"/>
      <line num="52" count="0" type="stmt"/>
      <line num="55" count="0" type="stmt"/>
      <line num="66" count="0" type="stmt"/>
      <line num="67" count="0" type="stmt"/>
      <line num="68" count="0" type="stmt"/>
      <line num="69" count="0" type="stmt"/>
      <line num="70" count="0" type="stmt"/>
      <line num="86" count="0" type="stmt"/>
      <line num="87" count="0" type="stmt"/>
      <line num="89" count="0" type="stmt"/>
      <line num="91" count="0" type="stmt"/>
      <line num="92" count="0" type="stmt"/>
      <line num="99" count="0" type="stmt"/>
      <line num="102" count="0" type="stmt"/>
      <line num="103" count="0" type="stmt"/>
      <line num="114" count="0" type="stmt"/>
      <line num="115" count="0" type="stmt"/>
      <line num="116" count="0" type="stmt"/>
      <line num="117" count="0" type="stmt"/>
      <line num="118" count="0" type="stmt"/>
      <line num="127" count="2" type="stmt"/>
      <line num="128" count="2" type="stmt"/>
    </file>
  </project>
</coverage>
