{"C:\\Users\\tsteiner4\\Desktop\\School\\CS506\\AdaptiveAlarm\\src\\custom_modules\\User.js": {"path":"C:\\Users\\tsteiner4\\Desktop\\School\\CS506\\AdaptiveAlarm\\src\\custom_modules\\User.js","statementMap":{"0":{"start":{"line":19,"column":6},"end":{"line":19,"column":13}},"1":{"start":{"line":20,"column":18},"end":{"line":20,"column":36}},"2":{"start":{"line":22,"column":2},"end":{"line":39,"column":5}},"3":{"start":{"line":23,"column":21},"end":{"line":23,"column":29}},"4":{"start":{"line":24,"column":4},"end":{"line":38,"column":37}},"5":{"start":{"line":31,"column":8},"end":{"line":36,"column":11}},"6":{"start":{"line":38,"column":22},"end":{"line":38,"column":35}},"7":{"start":{"line":47,"column":18},"end":{"line":47,"column":36}},"8":{"start":{"line":48,"column":2},"end":{"line":57,"column":5}},"9":{"start":{"line":49,"column":4},"end":{"line":56,"column":9}},"10":{"start":{"line":52,"column":8},"end":{"line":52,"column":22}},"11":{"start":{"line":55,"column":8},"end":{"line":55,"column":22}},"12":{"start":{"line":66,"column":18},"end":{"line":66,"column":36}},"13":{"start":{"line":67,"column":2},"end":{"line":71,"column":5}},"14":{"start":{"line":68,"column":4},"end":{"line":70,"column":37}},"15":{"start":{"line":69,"column":20},"end":{"line":69,"column":39}},"16":{"start":{"line":70,"column":22},"end":{"line":70,"column":35}},"17":{"start":{"line":86,"column":6},"end":{"line":86,"column":17}},"18":{"start":{"line":87,"column":2},"end":{"line":104,"column":5}},"19":{"start":{"line":89,"column":4},"end":{"line":103,"column":37}},"20":{"start":{"line":91,"column":25},"end":{"line":91,"column":33}},"21":{"start":{"line":92,"column":8},"end":{"line":98,"column":10}},"22":{"start":{"line":99,"column":8},"end":{"line":100,"column":25}},"23":{"start":{"line":102,"column":18},"end":{"line":102,"column":35}},"24":{"start":{"line":103,"column":22},"end":{"line":103,"column":35}},"25":{"start":{"line":114,"column":30},"end":{"line":114,"column":41}},"26":{"start":{"line":115,"column":2},"end":{"line":119,"column":5}},"27":{"start":{"line":116,"column":4},"end":{"line":118,"column":37}},"28":{"start":{"line":117,"column":20},"end":{"line":117,"column":33}},"29":{"start":{"line":118,"column":22},"end":{"line":118,"column":35}},"30":{"start":{"line":127,"column":2},"end":{"line":131,"column":5}},"31":{"start":{"line":128,"column":4},"end":{"line":130,"column":51}}},"fnMap":{"0":{"name":"createAlarm","decl":{"start":{"line":14,"column":9},"end":{"line":14,"column":20}},"loc":{"start":{"line":14,"column":30},"end":{"line":40,"column":1}},"line":14},"1":{"name":"(anonymous_1)","decl":{"start":{"line":22,"column":21},"end":{"line":22,"column":22}},"loc":{"start":{"line":22,"column":42},"end":{"line":39,"column":3}},"line":22},"2":{"name":"(anonymous_2)","decl":{"start":{"line":30,"column":12},"end":{"line":30,"column":13}},"loc":{"start":{"line":30,"column":18},"end":{"line":37,"column":7}},"line":30},"3":{"name":"(anonymous_3)","decl":{"start":{"line":38,"column":13},"end":{"line":38,"column":14}},"loc":{"start":{"line":38,"column":22},"end":{"line":38,"column":35}},"line":38},"4":{"name":"deleteAlarm","decl":{"start":{"line":46,"column":9},"end":{"line":46,"column":20}},"loc":{"start":{"line":46,"column":41},"end":{"line":58,"column":1}},"line":46},"5":{"name":"(anonymous_5)","decl":{"start":{"line":48,"column":21},"end":{"line":48,"column":22}},"loc":{"start":{"line":48,"column":42},"end":{"line":57,"column":3}},"line":48},"6":{"name":"(anonymous_6)","decl":{"start":{"line":51,"column":12},"end":{"line":51,"column":13}},"loc":{"start":{"line":51,"column":18},"end":{"line":53,"column":7}},"line":51},"7":{"name":"(anonymous_7)","decl":{"start":{"line":54,"column":13},"end":{"line":54,"column":14}},"loc":{"start":{"line":54,"column":24},"end":{"line":56,"column":7}},"line":54},"8":{"name":"fetch","decl":{"start":{"line":65,"column":9},"end":{"line":65,"column":14}},"loc":{"start":{"line":65,"column":17},"end":{"line":72,"column":1}},"line":65},"9":{"name":"(anonymous_9)","decl":{"start":{"line":67,"column":21},"end":{"line":67,"column":22}},"loc":{"start":{"line":67,"column":42},"end":{"line":71,"column":3}},"line":67},"10":{"name":"(anonymous_10)","decl":{"start":{"line":69,"column":12},"end":{"line":69,"column":13}},"loc":{"start":{"line":69,"column":20},"end":{"line":69,"column":39}},"line":69},"11":{"name":"(anonymous_11)","decl":{"start":{"line":70,"column":13},"end":{"line":70,"column":14}},"loc":{"start":{"line":70,"column":22},"end":{"line":70,"column":35}},"line":70},"12":{"name":"createAccount","decl":{"start":{"line":79,"column":9},"end":{"line":79,"column":22}},"loc":{"start":{"line":79,"column":36},"end":{"line":105,"column":1}},"line":79},"13":{"name":"(anonymous_13)","decl":{"start":{"line":87,"column":21},"end":{"line":87,"column":22}},"loc":{"start":{"line":87,"column":42},"end":{"line":104,"column":3}},"line":87},"14":{"name":"(anonymous_14)","decl":{"start":{"line":90,"column":12},"end":{"line":90,"column":13}},"loc":{"start":{"line":90,"column":26},"end":{"line":101,"column":7}},"line":90},"15":{"name":"(anonymous_15)","decl":{"start":{"line":102,"column":12},"end":{"line":102,"column":13}},"loc":{"start":{"line":102,"column":18},"end":{"line":102,"column":35}},"line":102},"16":{"name":"(anonymous_16)","decl":{"start":{"line":103,"column":13},"end":{"line":103,"column":14}},"loc":{"start":{"line":103,"column":22},"end":{"line":103,"column":35}},"line":103},"17":{"name":"signIn","decl":{"start":{"line":113,"column":9},"end":{"line":113,"column":15}},"loc":{"start":{"line":113,"column":29},"end":{"line":120,"column":1}},"line":113},"18":{"name":"(anonymous_18)","decl":{"start":{"line":115,"column":21},"end":{"line":115,"column":22}},"loc":{"start":{"line":115,"column":42},"end":{"line":119,"column":3}},"line":115},"19":{"name":"(anonymous_19)","decl":{"start":{"line":117,"column":12},"end":{"line":117,"column":13}},"loc":{"start":{"line":117,"column":20},"end":{"line":117,"column":33}},"line":117},"20":{"name":"(anonymous_20)","decl":{"start":{"line":118,"column":13},"end":{"line":118,"column":14}},"loc":{"start":{"line":118,"column":22},"end":{"line":118,"column":35}},"line":118},"21":{"name":"signOut","decl":{"start":{"line":126,"column":9},"end":{"line":126,"column":16}},"loc":{"start":{"line":126,"column":19},"end":{"line":132,"column":1}},"line":126},"22":{"name":"(anonymous_22)","decl":{"start":{"line":127,"column":21},"end":{"line":127,"column":22}},"loc":{"start":{"line":127,"column":42},"end":{"line":131,"column":3}},"line":127}},"branchMap":{"0":{"loc":{"start":{"line":46,"column":21},"end":{"line":46,"column":39}},"type":"default-arg","locations":[{"start":{"line":46,"column":31},"end":{"line":46,"column":39}}],"line":46}},"s":{"0":0,"1":0,"2":0,"3":0,"4":0,"5":0,"6":0,"7":0,"8":0,"9":0,"10":0,"11":0,"12":0,"13":0,"14":0,"15":0,"16":0,"17":0,"18":0,"19":0,"20":0,"21":0,"22":0,"23":0,"24":0,"25":0,"26":0,"27":0,"28":0,"29":0,"30":2,"31":2},"f":{"0":0,"1":0,"2":0,"3":0,"4":0,"5":0,"6":0,"7":0,"8":0,"9":0,"10":0,"11":0,"12":0,"13":0,"14":0,"15":0,"16":0,"17":0,"18":0,"19":0,"20":0,"21":2,"22":2},"b":{"0":[0]},"_coverageSchema":"43e27e138ebf9cfc5966b082cf9a028302ed4184","hash":"e5e652707a080284de0b8224e9df31d5765d392c"}
}
