{"C:\\Users\\tsteiner4\\Desktop\\School\\CS506\\AdaptiveAlarm\\src\\custom_modules\\Alarm.js": {"path":"C:\\Users\\tsteiner4\\Desktop\\School\\CS506\\AdaptiveAlarm\\src\\custom_modules\\Alarm.js","statementMap":{"0":{"start":{"line":3,"column":22},"end":{"line":3,"column":29}},"1":{"start":{"line":4,"column":21},"end":{"line":4,"column":26}},"2":{"start":{"line":5,"column":21},"end":{"line":5,"column":23}},"3":{"start":{"line":14,"column":2},"end":{"line":43,"column":5}},"4":{"start":{"line":15,"column":20},"end":{"line":15,"column":61}},"5":{"start":{"line":16,"column":16},"end":{"line":16,"column":187}},"6":{"start":{"line":17,"column":4},"end":{"line":42,"column":9}},"7":{"start":{"line":18,"column":24},"end":{"line":18,"column":39}},"8":{"start":{"line":20,"column":8},"end":{"line":23,"column":9}},"9":{"start":{"line":21,"column":31},"end":{"line":21,"column":68}},"10":{"start":{"line":22,"column":10},"end":{"line":22,"column":31}},"11":{"start":{"line":24,"column":8},"end":{"line":34,"column":9}},"12":{"start":{"line":25,"column":10},"end":{"line":31,"column":11}},"13":{"start":{"line":26,"column":12},"end":{"line":26,"column":87}},"14":{"start":{"line":27,"column":17},"end":{"line":31,"column":11}},"15":{"start":{"line":28,"column":12},"end":{"line":28,"column":76}},"16":{"start":{"line":30,"column":12},"end":{"line":30,"column":49}},"17":{"start":{"line":33,"column":10},"end":{"line":33,"column":41}},"18":{"start":{"line":37,"column":8},"end":{"line":40,"column":10}},"19":{"start":{"line":41,"column":8},"end":{"line":41,"column":20}},"20":{"start":{"line":47,"column":2},"end":{"line":71,"column":5}},"21":{"start":{"line":49,"column":4},"end":{"line":70,"column":9}},"22":{"start":{"line":51,"column":8},"end":{"line":66,"column":9}},"23":{"start":{"line":52,"column":10},"end":{"line":52,"column":66}},"24":{"start":{"line":53,"column":10},"end":{"line":53,"column":68}},"25":{"start":{"line":56,"column":10},"end":{"line":65,"column":15}},"26":{"start":{"line":58,"column":26},"end":{"line":58,"column":50}},"27":{"start":{"line":59,"column":26},"end":{"line":59,"column":51}},"28":{"start":{"line":60,"column":14},"end":{"line":60,"column":56}},"29":{"start":{"line":61,"column":14},"end":{"line":61,"column":40}},"30":{"start":{"line":64,"column":14},"end":{"line":64,"column":24}},"31":{"start":{"line":69,"column":8},"end":{"line":69,"column":18}},"32":{"start":{"line":76,"column":16},"end":{"line":76,"column":25}},"33":{"start":{"line":77,"column":20},"end":{"line":77,"column":29}},"34":{"start":{"line":78,"column":2},"end":{"line":108,"column":5}},"35":{"start":{"line":79,"column":4},"end":{"line":107,"column":9}},"36":{"start":{"line":81,"column":25},"end":{"line":81,"column":33}},"37":{"start":{"line":82,"column":8},"end":{"line":103,"column":13}},"38":{"start":{"line":84,"column":27},"end":{"line":84,"column":29}},"39":{"start":{"line":85,"column":32},"end":{"line":85,"column":43}},"40":{"start":{"line":86,"column":20},"end":{"line":86,"column":21}},"41":{"start":{"line":87,"column":12},"end":{"line":98,"column":13}},"42":{"start":{"line":89,"column":14},"end":{"line":89,"column":80}},"43":{"start":{"line":90,"column":14},"end":{"line":96,"column":19}},"44":{"start":{"line":92,"column":18},"end":{"line":92,"column":34}},"45":{"start":{"line":95,"column":18},"end":{"line":95,"column":28}},"46":{"start":{"line":97,"column":14},"end":{"line":97,"column":21}},"47":{"start":{"line":99,"column":12},"end":{"line":99,"column":67}},"48":{"start":{"line":102,"column":12},"end":{"line":102,"column":22}},"49":{"start":{"line":106,"column":8},"end":{"line":106,"column":18}},"50":{"start":{"line":112,"column":2},"end":{"line":112,"column":20}},"51":{"start":{"line":115,"column":15},"end":{"line":115,"column":25}},"52":{"start":{"line":116,"column":18},"end":{"line":116,"column":32}},"53":{"start":{"line":117,"column":19},"end":{"line":117,"column":38}},"54":{"start":{"line":118,"column":2},"end":{"line":118,"column":26}},"55":{"start":{"line":119,"column":2},"end":{"line":119,"column":37}},"56":{"start":{"line":119,"column":22},"end":{"line":119,"column":37}},"57":{"start":{"line":120,"column":2},"end":{"line":120,"column":55}},"58":{"start":{"line":121,"column":2},"end":{"line":121,"column":58}},"59":{"start":{"line":121,"column":19},"end":{"line":121,"column":44}},"60":{"start":{"line":124,"column":24},"end":{"line":126,"column":1}}},"fnMap":{"0":{"name":"getRouteTime","decl":{"start":{"line":13,"column":15},"end":{"line":13,"column":27}},"loc":{"start":{"line":13,"column":69},"end":{"line":44,"column":1}},"line":13},"1":{"name":"(anonymous_1)","decl":{"start":{"line":14,"column":21},"end":{"line":14,"column":22}},"loc":{"start":{"line":14,"column":42},"end":{"line":43,"column":3}},"line":14},"2":{"name":"(anonymous_2)","decl":{"start":{"line":18,"column":12},"end":{"line":18,"column":13}},"loc":{"start":{"line":18,"column":24},"end":{"line":18,"column":39}},"line":18},"3":{"name":"(anonymous_3)","decl":{"start":{"line":19,"column":12},"end":{"line":19,"column":13}},"loc":{"start":{"line":19,"column":22},"end":{"line":35,"column":7}},"line":19},"4":{"name":"(anonymous_4)","decl":{"start":{"line":36,"column":13},"end":{"line":36,"column":14}},"loc":{"start":{"line":36,"column":22},"end":{"line":42,"column":7}},"line":36},"5":{"name":"getCurrentLocation","decl":{"start":{"line":46,"column":15},"end":{"line":46,"column":33}},"loc":{"start":{"line":46,"column":36},"end":{"line":72,"column":1}},"line":46},"6":{"name":"(anonymous_6)","decl":{"start":{"line":47,"column":21},"end":{"line":47,"column":22}},"loc":{"start":{"line":47,"column":42},"end":{"line":71,"column":3}},"line":47},"7":{"name":"(anonymous_7)","decl":{"start":{"line":50,"column":12},"end":{"line":50,"column":13}},"loc":{"start":{"line":50,"column":26},"end":{"line":67,"column":7}},"line":50},"8":{"name":"(anonymous_8)","decl":{"start":{"line":57,"column":18},"end":{"line":57,"column":19}},"loc":{"start":{"line":57,"column":32},"end":{"line":62,"column":13}},"line":57},"9":{"name":"(anonymous_9)","decl":{"start":{"line":63,"column":19},"end":{"line":63,"column":20}},"loc":{"start":{"line":63,"column":26},"end":{"line":65,"column":13}},"line":63},"10":{"name":"(anonymous_10)","decl":{"start":{"line":68,"column":13},"end":{"line":68,"column":14}},"loc":{"start":{"line":68,"column":20},"end":{"line":70,"column":7}},"line":68},"11":{"name":"getAlarmTime","decl":{"start":{"line":75,"column":15},"end":{"line":75,"column":27}},"loc":{"start":{"line":75,"column":95},"end":{"line":109,"column":1}},"line":75},"12":{"name":"(anonymous_12)","decl":{"start":{"line":78,"column":21},"end":{"line":78,"column":22}},"loc":{"start":{"line":78,"column":42},"end":{"line":108,"column":3}},"line":78},"13":{"name":"(anonymous_13)","decl":{"start":{"line":80,"column":12},"end":{"line":80,"column":13}},"loc":{"start":{"line":80,"column":26},"end":{"line":104,"column":7}},"line":80},"14":{"name":"(anonymous_14)","decl":{"start":{"line":83,"column":16},"end":{"line":83,"column":17}},"loc":{"start":{"line":83,"column":30},"end":{"line":100,"column":11}},"line":83},"15":{"name":"(anonymous_15)","decl":{"start":{"line":91,"column":22},"end":{"line":91,"column":23}},"loc":{"start":{"line":91,"column":32},"end":{"line":93,"column":17}},"line":91},"16":{"name":"(anonymous_16)","decl":{"start":{"line":94,"column":23},"end":{"line":94,"column":24}},"loc":{"start":{"line":94,"column":30},"end":{"line":96,"column":17}},"line":94},"17":{"name":"(anonymous_17)","decl":{"start":{"line":101,"column":17},"end":{"line":101,"column":18}},"loc":{"start":{"line":101,"column":24},"end":{"line":103,"column":11}},"line":101},"18":{"name":"(anonymous_18)","decl":{"start":{"line":105,"column":13},"end":{"line":105,"column":14}},"loc":{"start":{"line":105,"column":20},"end":{"line":107,"column":7}},"line":105},"19":{"name":"triggerNavigate","decl":{"start":{"line":111,"column":9},"end":{"line":111,"column":24}},"loc":{"start":{"line":111,"column":35},"end":{"line":113,"column":1}},"line":111},"20":{"name":"armAlarm","decl":{"start":{"line":114,"column":15},"end":{"line":114,"column":23}},"loc":{"start":{"line":114,"column":45},"end":{"line":122,"column":1}},"line":114},"21":{"name":"(anonymous_21)","decl":{"start":{"line":121,"column":13},"end":{"line":121,"column":14}},"loc":{"start":{"line":121,"column":19},"end":{"line":121,"column":44}},"line":121}},"branchMap":{"0":{"loc":{"start":{"line":20,"column":8},"end":{"line":23,"column":9}},"type":"if","locations":[{"start":{"line":20,"column":8},"end":{"line":23,"column":9}},{"start":{"line":20,"column":8},"end":{"line":23,"column":9}}],"line":20},"1":{"loc":{"start":{"line":21,"column":31},"end":{"line":21,"column":68}},"type":"binary-expr","locations":[{"start":{"line":21,"column":31},"end":{"line":21,"column":49}},{"start":{"line":21,"column":53},"end":{"line":21,"column":68}}],"line":21},"2":{"loc":{"start":{"line":24,"column":8},"end":{"line":34,"column":9}},"type":"if","locations":[{"start":{"line":24,"column":8},"end":{"line":34,"column":9}},{"start":{"line":24,"column":8},"end":{"line":34,"column":9}}],"line":24},"3":{"loc":{"start":{"line":25,"column":10},"end":{"line":31,"column":11}},"type":"if","locations":[{"start":{"line":25,"column":10},"end":{"line":31,"column":11}},{"start":{"line":25,"column":10},"end":{"line":31,"column":11}}],"line":25},"4":{"loc":{"start":{"line":27,"column":17},"end":{"line":31,"column":11}},"type":"if","locations":[{"start":{"line":27,"column":17},"end":{"line":31,"column":11}},{"start":{"line":27,"column":17},"end":{"line":31,"column":11}}],"line":27},"5":{"loc":{"start":{"line":51,"column":8},"end":{"line":66,"column":9}},"type":"if","locations":[{"start":{"line":51,"column":8},"end":{"line":66,"column":9}},{"start":{"line":51,"column":8},"end":{"line":66,"column":9}}],"line":51},"6":{"loc":{"start":{"line":87,"column":19},"end":{"line":88,"column":62}},"type":"binary-expr","locations":[{"start":{"line":87,"column":19},"end":{"line":88,"column":49}},{"start":{"line":88,"column":53},"end":{"line":88,"column":62}}],"line":87},"7":{"loc":{"start":{"line":119,"column":2},"end":{"line":119,"column":37}},"type":"if","locations":[{"start":{"line":119,"column":2},"end":{"line":119,"column":37}},{"start":{"line":119,"column":2},"end":{"line":119,"column":37}}],"line":119}},"s":{"0":4,"1":4,"2":4,"3":27,"4":27,"5":27,"6":27,"7":27,"8":27,"9":3,"10":3,"11":27,"12":25,"13":23,"14":2,"15":1,"16":1,"17":1,"18":1,"19":1,"20":4,"21":4,"22":3,"23":1,"24":1,"25":2,"26":1,"27":1,"28":1,"29":1,"30":1,"31":1,"32":8,"33":8,"34":8,"35":8,"36":7,"37":7,"38":6,"39":6,"40":6,"41":6,"42":14,"43":14,"44":13,"45":1,"46":14,"47":6,"48":1,"49":1,"50":0,"51":1,"52":1,"53":1,"54":1,"55":1,"56":0,"57":1,"58":1,"59":0,"60":4},"f":{"0":27,"1":27,"2":27,"3":27,"4":1,"5":4,"6":4,"7":3,"8":1,"9":1,"10":1,"11":8,"12":8,"13":7,"14":6,"15":13,"16":1,"17":1,"18":1,"19":0,"20":1,"21":0},"b":{"0":[3,24],"1":[3,0],"2":[25,1],"3":[23,2],"4":[1,1],"5":[1,2],"6":[20,15],"7":[0,1]},"_coverageSchema":"43e27e138ebf9cfc5966b082cf9a028302ed4184","hash":"d700a933f49db8a7b0007432ba825da7f788d24f"}
}
