TN:
SF:C:\Users\tsteiner4\Desktop\School\CS506\AdaptiveAlarm\src\custom_modules\Alarm.js
FN:13,getRouteTime
FN:14,(anonymous_1)
FN:18,(anonymous_2)
FN:19,(anonymous_3)
FN:36,(anonymous_4)
FN:46,getCurrentLocation
FN:47,(anonymous_6)
FN:50,(anonymous_7)
FN:57,(anonymous_8)
FN:63,(anonymous_9)
FN:68,(anonymous_10)
FN:75,getAlarmTime
FN:78,(anonymous_12)
FN:80,(anonymous_13)
FN:83,(anonymous_14)
FN:91,(anonymous_15)
FN:94,(anonymous_16)
FN:101,(anonymous_17)
FN:105,(anonymous_18)
FN:111,triggerNavigate
FN:114,armAlarm
FN:121,(anonymous_21)
FNF:22
FNH:20
FNDA:27,getRouteTime
FNDA:27,(anonymous_1)
FNDA:27,(anonymous_2)
FNDA:27,(anonymous_3)
FNDA:1,(anonymous_4)
FNDA:4,getCurrentLocation
FNDA:4,(anonymous_6)
FNDA:3,(anonymous_7)
FNDA:1,(anonymous_8)
FNDA:1,(anonymous_9)
FNDA:1,(anonymous_10)
FNDA:8,getAlarmTime
FNDA:8,(anonymous_12)
FNDA:7,(anonymous_13)
FNDA:6,(anonymous_14)
FNDA:13,(anonymous_15)
FNDA:1,(anonymous_16)
FNDA:1,(anonymous_17)
FNDA:1,(anonymous_18)
FNDA:0,triggerNavigate
FNDA:1,armAlarm
FNDA:0,(anonymous_21)
DA:3,4
DA:4,4
DA:5,4
DA:14,27
DA:15,27
DA:16,27
DA:17,27
DA:18,27
DA:20,27
DA:21,3
DA:22,3
DA:24,27
DA:25,25
DA:26,23
DA:27,2
DA:28,1
DA:30,1
DA:33,1
DA:37,1
DA:41,1
DA:47,4
DA:49,4
DA:51,3
DA:52,1
DA:53,1
DA:56,2
DA:58,1
DA:59,1
DA:60,1
DA:61,1
DA:64,1
DA:69,1
DA:76,8
DA:77,8
DA:78,8
DA:79,8
DA:81,7
DA:82,7
DA:84,6
DA:85,6
DA:86,6
DA:87,6
DA:89,14
DA:90,14
DA:92,13
DA:95,1
DA:97,14
DA:99,6
DA:102,1
DA:106,1
DA:112,0
DA:115,1
DA:116,1
DA:117,1
DA:118,1
DA:119,1
DA:120,1
DA:121,1
DA:124,4
LF:59
LH:58
BRDA:20,0,0,3
BRDA:20,0,1,24
BRDA:21,1,0,3
BRDA:21,1,1,0
BRDA:24,2,0,25
BRDA:24,2,1,1
BRDA:25,3,0,23
BRDA:25,3,1,2
BRDA:27,4,0,1
BRDA:27,4,1,1
BRDA:51,5,0,1
BRDA:51,5,1,2
BRDA:87,6,0,20
BRDA:87,6,1,15
BRDA:119,7,0,0
BRDA:119,7,1,1
BRF:16
BRH:14
end_of_record
