TN:
SF:C:\Users\trist\Desktop\School\CS506\AdaptiveAlarm\src\components\Buttons.js
FN:7,(anonymous_0)
FN:10,(anonymous_1)
FNF:2
FNH:0
FNDA:0,(anonymous_0)
FNDA:0,(anonymous_1)
DA:8,0
DA:9,0
DA:10,0
DA:19,1
DA:26,1
DA:34,1
LF:6
LH:3
BRF:0
BRH:0
end_of_record
TN:
SF:C:\Users\trist\Desktop\School\CS506\AdaptiveAlarm\src\constants\Colors.js
FNF:0
FNH:0
DA:7,1
DA:8,1
DA:9,1
DA:10,1
DA:11,1
DA:12,1
LF:6
LH:6
BRF:0
BRH:0
end_of_record
TN:
SF:C:\Users\trist\Desktop\School\CS506\AdaptiveAlarm\src\constants\Layout.js
FNF:0
FNH:0
DA:3,1
LF:1
LH:1
BRF:0
BRH:0
end_of_record
TN:
SF:C:\Users\trist\Desktop\School\CS506\AdaptiveAlarm\src\constants\Styles.js
FNF:0
FNH:0
DA:5,1
LF:1
LH:1
BRF:0
BRH:0
end_of_record
TN:
SF:C:\Users\trist\Desktop\School\CS506\AdaptiveAlarm\src\constants\index.js
FNF:0
FNH:0
LF:0
LH:0
BRF:0
BRH:0
end_of_record
TN:
SF:C:\Users\trist\Desktop\School\CS506\AdaptiveAlarm\src\custom_modules\Alarm.js
FN:13,getRouteTime
FN:14,(anonymous_1)
FN:18,(anonymous_2)
FN:19,(anonymous_3)
FN:36,(anonymous_4)
FN:46,getCurrentLocation
FN:47,(anonymous_6)
FN:50,(anonymous_7)
FN:57,(anonymous_8)
FN:63,(anonymous_9)
FN:68,(anonymous_10)
FN:75,getAlarmTime
FN:78,(anonymous_12)
FN:80,(anonymous_13)
FN:83,(anonymous_14)
FN:91,(anonymous_15)
FN:94,(anonymous_16)
FN:101,(anonymous_17)
FN:105,(anonymous_18)
FN:111,triggerNavigate
FN:123,armAlarm
FN:129,(anonymous_21)
FN:132,initArmAlarm
FNF:23
FNH:0
FNDA:0,getRouteTime
FNDA:0,(anonymous_1)
FNDA:0,(anonymous_2)
FNDA:0,(anonymous_3)
FNDA:0,(anonymous_4)
FNDA:0,getCurrentLocation
FNDA:0,(anonymous_6)
FNDA:0,(anonymous_7)
FNDA:0,(anonymous_8)
FNDA:0,(anonymous_9)
FNDA:0,(anonymous_10)
FNDA:0,getAlarmTime
FNDA:0,(anonymous_12)
FNDA:0,(anonymous_13)
FNDA:0,(anonymous_14)
FNDA:0,(anonymous_15)
FNDA:0,(anonymous_16)
FNDA:0,(anonymous_17)
FNDA:0,(anonymous_18)
FNDA:0,triggerNavigate
FNDA:0,armAlarm
FNDA:0,(anonymous_21)
FNDA:0,initArmAlarm
DA:3,1
DA:4,1
DA:5,1
DA:14,0
DA:15,0
DA:16,0
DA:17,0
DA:18,0
DA:20,0
DA:21,0
DA:22,0
DA:24,0
DA:25,0
DA:26,0
DA:27,0
DA:28,0
DA:30,0
DA:33,0
DA:37,0
DA:41,0
DA:47,0
DA:49,0
DA:51,0
DA:52,0
DA:53,0
DA:56,0
DA:58,0
DA:59,0
DA:60,0
DA:61,0
DA:64,0
DA:69,0
DA:76,0
DA:77,0
DA:78,0
DA:79,0
DA:81,0
DA:82,0
DA:84,0
DA:85,0
DA:86,0
DA:87,0
DA:89,0
DA:90,0
DA:92,0
DA:95,0
DA:97,0
DA:99,0
DA:102,0
DA:106,0
DA:112,0
DA:124,0
DA:125,0
DA:126,0
DA:127,0
DA:128,0
DA:129,0
DA:133,0
DA:137,1
LF:59
LH:4
BRDA:20,0,0,0
BRDA:20,0,1,0
BRDA:21,1,0,0
BRDA:21,1,1,0
BRDA:24,2,0,0
BRDA:24,2,1,0
BRDA:25,3,0,0
BRDA:25,3,1,0
BRDA:27,4,0,0
BRDA:27,4,1,0
BRDA:51,5,0,0
BRDA:51,5,1,0
BRDA:87,6,0,0
BRDA:87,6,1,0
BRDA:124,7,0,0
BRDA:124,7,1,0
BRDA:128,8,0,0
BRDA:128,8,1,0
BRF:18
BRH:0
end_of_record
TN:
SF:C:\Users\trist\Desktop\School\CS506\AdaptiveAlarm\src\custom_modules\User.js
FN:9,getNextAlarm
FN:27,createAlarm
FN:36,(anonymous_2)
FN:46,(anonymous_3)
FN:55,(anonymous_4)
FN:63,deleteAlarm
FN:65,(anonymous_6)
FN:68,(anonymous_7)
FN:71,(anonymous_8)
FN:81,setAlarmStatus
FN:83,(anonymous_10)
FN:86,(anonymous_11)
FN:92,(anonymous_12)
FN:103,fetch
FN:105,(anonymous_14)
FN:107,(anonymous_15)
FN:108,(anonymous_16)
FN:117,createAccount
FN:125,(anonymous_18)
FN:128,(anonymous_19)
FN:140,(anonymous_20)
FN:141,(anonymous_21)
FN:151,signIn
FN:153,(anonymous_23)
FN:155,(anonymous_24)
FN:156,(anonymous_25)
FN:164,signOut
FN:165,(anonymous_27)
FNF:28
FNH:0
FNDA:0,getNextAlarm
FNDA:0,createAlarm
FNDA:0,(anonymous_2)
FNDA:0,(anonymous_3)
FNDA:0,(anonymous_4)
FNDA:0,deleteAlarm
FNDA:0,(anonymous_6)
FNDA:0,(anonymous_7)
FNDA:0,(anonymous_8)
FNDA:0,setAlarmStatus
FNDA:0,(anonymous_10)
FNDA:0,(anonymous_11)
FNDA:0,(anonymous_12)
FNDA:0,fetch
FNDA:0,(anonymous_14)
FNDA:0,(anonymous_15)
FNDA:0,(anonymous_16)
FNDA:0,createAccount
FNDA:0,(anonymous_18)
FNDA:0,(anonymous_19)
FNDA:0,(anonymous_20)
FNDA:0,(anonymous_21)
FNDA:0,signIn
FNDA:0,(anonymous_23)
FNDA:0,(anonymous_24)
FNDA:0,(anonymous_25)
FNDA:0,signOut
FNDA:0,(anonymous_27)
DA:10,0
DA:11,0
DA:12,0
DA:13,0
DA:14,0
DA:15,0
DA:16,0
DA:18,0
DA:34,0
DA:35,0
DA:36,0
DA:37,0
DA:38,0
DA:47,0
DA:55,0
DA:64,0
DA:65,0
DA:66,0
DA:69,0
DA:72,0
DA:82,0
DA:83,0
DA:84,0
DA:87,0
DA:93,0
DA:104,0
DA:105,0
DA:106,0
DA:107,0
DA:108,0
DA:124,0
DA:125,0
DA:127,0
DA:129,0
DA:130,0
DA:137,0
DA:140,0
DA:141,0
DA:152,0
DA:153,0
DA:154,0
DA:155,0
DA:156,0
DA:165,0
DA:166,0
LF:45
LH:0
BRF:0
BRH:0
end_of_record
TN:
SF:C:\Users\trist\Desktop\School\CS506\AdaptiveAlarm\src\icons\email.js
FN:5,(anonymous_0)
FNF:1
FNH:0
FNDA:0,(anonymous_0)
DA:5,1
DA:6,0
LF:2
LH:1
BRF:0
BRH:0
end_of_record
TN:
SF:C:\Users\trist\Desktop\School\CS506\AdaptiveAlarm\src\icons\key.js
FN:5,(anonymous_0)
FNF:1
FNH:0
FNDA:0,(anonymous_0)
DA:5,1
DA:6,0
LF:2
LH:1
BRF:0
BRH:0
end_of_record
TN:
SF:C:\Users\trist\Desktop\School\CS506\AdaptiveAlarm\src\screens\SignInScreen.js
FN:24,(anonymous_0)
FN:30,(anonymous_1)
FN:38,(anonymous_2)
FN:72,(anonymous_3)
FN:89,(anonymous_4)
FN:101,(anonymous_5)
FN:112,(anonymous_6)
FN:137,(anonymous_7)
FN:142,(anonymous_8)
FN:143,(anonymous_9)
FNF:10
FNH:5
FNDA:1,(anonymous_0)
FNDA:8,(anonymous_1)
FNDA:8,(anonymous_2)
FNDA:1,(anonymous_3)
FNDA:0,(anonymous_4)
FNDA:1,(anonymous_5)
FNDA:0,(anonymous_6)
FNDA:0,(anonymous_7)
FNDA:0,(anonymous_8)
FNDA:0,(anonymous_9)
DA:25,1
DA:31,8
DA:32,8
DA:33,0
DA:35,8
DA:39,8
DA:40,8
DA:41,8
DA:72,1
DA:89,0
DA:102,1
DA:113,0
DA:122,1
DA:133,1
DA:137,1
DA:142,1
DA:144,0
LF:17
LH:13
BRDA:32,0,0,0
BRDA:32,0,1,8
BRF:2
BRH:1
end_of_record
TN:
SF:C:\Users\trist\Desktop\School\CS506\AdaptiveAlarm\src\store\index.js
FNF:0
FNH:0
LF:0
LH:0
BRF:0
BRH:0
end_of_record
TN:
SF:C:\Users\trist\Desktop\School\CS506\AdaptiveAlarm\src\store\actions\alarmActions.js
FN:10,alarmCalculateTime
FN:21,(anonymous_1)
FN:29,(anonymous_2)
FN:42,foo
FNF:4
FNH:0
FNDA:0,alarmCalculateTime
FNDA:0,(anonymous_1)
FNDA:0,(anonymous_2)
FNDA:0,foo
DA:17,0
DA:18,0
DA:19,0
DA:20,0
DA:21,0
DA:30,0
DA:31,0
DA:43,0
LF:8
LH:0
BRF:0
BRH:0
end_of_record
TN:
SF:C:\Users\trist\Desktop\School\CS506\AdaptiveAlarm\src\store\actions\userActions.js
FN:14,userCreateAlarm
FN:22,(anonymous_1)
FN:32,(anonymous_2)
FN:37,(anonymous_3)
FN:40,userSetAlarmStatus
FN:41,(anonymous_5)
FN:46,(anonymous_6)
FN:57,userDeleteAlarm
FN:58,(anonymous_8)
FN:63,(anonymous_9)
FN:79,userFetch
FN:80,(anonymous_11)
FN:84,(anonymous_12)
FN:106,userCreateAccount
FN:107,(anonymous_14)
FN:112,(anonymous_15)
FN:119,userSignIn
FN:120,(anonymous_17)
FN:124,(anonymous_18)
FN:130,userSignOut
FNF:20
FNH:0
FNDA:0,userCreateAlarm
FNDA:0,(anonymous_1)
FNDA:0,(anonymous_2)
FNDA:0,(anonymous_3)
FNDA:0,userSetAlarmStatus
FNDA:0,(anonymous_5)
FNDA:0,(anonymous_6)
FNDA:0,userDeleteAlarm
FNDA:0,(anonymous_8)
FNDA:0,(anonymous_9)
FNDA:0,userFetch
FNDA:0,(anonymous_11)
FNDA:0,(anonymous_12)
FNDA:0,userCreateAccount
FNDA:0,(anonymous_14)
FNDA:0,(anonymous_15)
FNDA:0,userSignIn
FNDA:0,(anonymous_17)
FNDA:0,(anonymous_18)
FNDA:0,userSignOut
DA:21,0
DA:22,0
DA:33,0
DA:34,0
DA:35,0
DA:37,0
DA:41,0
DA:42,0
DA:48,0
DA:49,0
DA:58,0
DA:59,0
DA:64,0
DA:80,0
DA:85,0
DA:86,0
DA:87,0
DA:92,0
DA:107,0
DA:112,0
DA:120,0
DA:124,0
DA:131,0
LF:23
LH:0
BRDA:35,0,0,0
BRDA:35,0,1,0
BRDA:86,1,0,0
BRDA:86,1,1,0
BRF:4
BRH:0
end_of_record
TN:
SF:C:\Users\trist\Desktop\School\CS506\AdaptiveAlarm\src\store\reducers\alarmReducer.js
FN:15,(anonymous_0)
FNF:1
FNH:1
FNDA:3,(anonymous_0)
DA:9,1
DA:15,1
DA:16,3
DA:18,0
DA:22,0
DA:24,0
DA:29,0
DA:31,0
DA:36,0
DA:38,0
DA:43,0
DA:46,3
LF:12
LH:4
BRDA:15,0,0,3
BRDA:16,1,0,0
BRDA:16,1,1,0
BRDA:16,1,2,0
BRDA:16,1,3,0
BRDA:16,1,4,3
BRF:6
BRH:2
end_of_record
TN:
SF:C:\Users\trist\Desktop\School\CS506\AdaptiveAlarm\src\store\reducers\userReducer.js
FN:25,(anonymous_0)
FNF:1
FNH:1
FNDA:3,(anonymous_0)
DA:9,1
DA:25,1
DA:26,3
DA:29,0
DA:30,0
DA:32,0
DA:39,0
DA:42,0
DA:43,0
DA:44,0
DA:46,0
DA:47,0
DA:48,0
DA:55,0
DA:59,0
DA:60,0
DA:62,0
DA:69,0
DA:77,0
DA:78,0
DA:89,0
DA:93,0
DA:94,0
DA:95,0
DA:96,0
DA:100,0
DA:104,0
DA:105,0
DA:107,0
DA:113,0
DA:115,0
DA:121,0
DA:124,0
DA:129,0
DA:131,0
DA:136,0
DA:145,0
DA:146,0
DA:157,0
DA:161,0
DA:162,0
DA:164,0
DA:165,0
DA:167,0
DA:168,0
DA:173,0
DA:181,0
DA:184,3
LF:48
LH:4
BRDA:25,0,0,3
BRDA:26,1,0,0
BRDA:26,1,1,0
BRDA:26,1,2,0
BRDA:26,1,3,0
BRDA:26,1,4,0
BRDA:26,1,5,0
BRDA:26,1,6,0
BRDA:26,1,7,0
BRDA:26,1,8,0
BRDA:26,1,9,0
BRDA:26,1,10,0
BRDA:26,1,11,0
BRDA:26,1,12,0
BRDA:26,1,13,0
BRDA:26,1,14,0
BRDA:26,1,15,0
BRDA:26,1,16,0
BRDA:26,1,17,3
BRDA:43,2,0,0
BRDA:43,2,1,0
BRF:21
BRH:2
end_of_record
